2023-08-28 17:47:32 [127.0.0.1][-][-][error][yii\base\ViewNotFoundException] yii\base\ViewNotFoundException: The view file does not exist: C:\My_site\taskforce.local\frontend\web\views\site\index.php in C:\My_site\taskforce.local\vendor\yiisoft\yii2\base\View.php:233
Stack trace:
#0 C:\My_site\taskforce.local\vendor\yiisoft\yii2\base\View.php(156): yii\base\View->renderFile('C:\\My_site\\task...', Array, Object(frontend\controllers\SiteController))
#1 C:\My_site\taskforce.local\vendor\yiisoft\yii2\base\Controller.php(407): yii\base\View->render('index', Array, Object(frontend\controllers\SiteController))
#2 C:\My_site\taskforce.local\frontend\controllers\SiteController.php(88): yii\base\Controller->render('index', Array)
#3 [internal function]: frontend\controllers\SiteController->actionIndex()
#4 C:\My_site\taskforce.local\vendor\yiisoft\yii2\base\InlineAction.php(57): call_user_func_array(Array, Array)
#5 C:\My_site\taskforce.local\vendor\yiisoft\yii2\base\Controller.php(178): yii\base\InlineAction->runWithParams(Array)
#6 C:\My_site\taskforce.local\vendor\yiisoft\yii2\base\Module.php(552): yii\base\Controller->runAction('', Array)
#7 C:\My_site\taskforce.local\vendor\yiisoft\yii2\web\Application.php(103): yii\base\Module->runAction('', Array)
#8 C:\My_site\taskforce.local\vendor\yiisoft\yii2\base\Application.php(384): yii\web\Application->handleRequest(Object(yii\web\Request))
#9 C:\My_site\taskforce.local\frontend\web\index.php(18): yii\base\Application->run()
#10 {main}
2023-08-28 17:47:31 [127.0.0.1][-][-][info][application] $_GET = []

$_POST = []

$_FILES = []

$_COOKIE = []

$_SERVER = [
    'ALLUSERSPROFILE' => 'C:\\ProgramData'
    'APPDATA' => 'C:\\Users\\Федор\\AppData\\Roaming'
    'ChocolateyInstall' => 'C:\\ProgramData\\chocolatey'
    'ChocolateyLastPathUpdate' => '133056614770896386'
    'CommonProgramFiles' => 'C:\\Program Files\\Common Files'
    'CommonProgramFiles(x86)' => 'C:\\Program Files (x86)\\Common Files'
    'CommonProgramW6432' => 'C:\\Program Files\\Common Files'
    'COMPUTERNAME' => 'LAPTOP-0LQN67QS'
    'ComSpec' => 'C:\\Windows\\system32\\cmd.exe'
    'DriverData' => 'C:\\Windows\\System32\\Drivers\\DriverData'
    'HOMEDRIVE' => 'C:'
    'HOMEPATH' => '\\Users\\Федор'
    'LOCALAPPDATA' => 'C:\\Users\\Федор\\AppData\\Local'
    'LOGONSERVER' => '\\\\LAPTOP-0LQN67QS'
    'NUMBER_OF_PROCESSORS' => '4'
    'OneDrive' => 'C:\\Users\\Федор\\OneDrive'
    'OneDriveConsumer' => 'C:\\Users\\Федор\\OneDrive'
    'OS' => 'Windows_NT'
    'Path' => 'C:\\PHP;C:\\Users\\Федор\\AppData\\Local\\Programs\\Python\\Python310\\Scripts\\;C:\\Users\\Федор\\AppData\\Local\\Programs\\Python\\Python310\\;C:\\Program Files\\Microsoft\\jdk-11.0.12.7-hotspot\\bin;C:\\Windows\\system32;C:\\Windows;C:\\Windows\\System32\\Wbem;C:\\Windows\\System32\\WindowsPowerShell\\v1.0\\;C:\\Windows\\System32\\OpenSSH\\;C:\\Program Files (x86)\\AOMEI\\AOMEI Backupper\\6.9.2;C:\\Program Files\\dotnet\\;C:\\PHP7;C:\\PHP2;C:\\PHP;C:\\ProgramData\\ComposerSetup\\bin;C:\\nginx;C:\\Program Files\\MySQL;C:\\Program Files\\nodejs\\;C:\\ProgramData\\chocolatey\\bin;C:\\Program Files\\Docker\\Docker\\resources\\bin;C:\\Program Files\\Git\\cmd;C:\\Program Files\\Git\\bin\\;C:\\Users\\Федор\\AppData\\Local\\Microsoft\\WindowsApps;C:\\Users\\Федор\\.dotnet\\tools;C:\\Users\\Федор\\AppData\\Roaming\\Composer\\vendor\\bin;C:\\Users\\Федор\\AppData\\Roaming\\npm;C:\\Program Files\\JetBrains\\PhpStorm 2019.2\\bin;'
    'PATHEXT' => '.COM;.EXE;.BAT;.CMD;.VBS;.VBE;.JS;.JSE;.WSF;.WSH;.MSC;.PY;.PYW'
    'PhpStorm' => 'C:\\Program Files\\JetBrains\\PhpStorm 2019.2\\bin;'
    'PROCESSOR_ARCHITECTURE' => 'AMD64'
    'PROCESSOR_IDENTIFIER' => 'AMD64 Family 23 Model 24 Stepping 1, AuthenticAMD'
    'PROCESSOR_LEVEL' => '23'
    'PROCESSOR_REVISION' => '1801'
    'ProgramData' => 'C:\\ProgramData'
    'ProgramFiles' => 'C:\\Program Files'
    'ProgramFiles(x86)' => 'C:\\Program Files (x86)'
    'ProgramW6432' => 'C:\\Program Files'
    'PROMPT' => '$P$G'
    'PSModulePath' => 'C:\\Program Files\\WindowsPowerShell\\Modules;C:\\Windows\\system32\\WindowsPowerShell\\v1.0\\Modules'
    'PUBLIC' => 'C:\\Users\\Public'
    'SESSIONNAME' => 'Console'
    'SystemDrive' => 'C:'
    'SystemRoot' => 'C:\\Windows'
    'TEMP' => 'C:\\Users\\EE47~1\\AppData\\Local\\Temp'
    'TMP' => 'C:\\Users\\EE47~1\\AppData\\Local\\Temp'
    'USERDOMAIN' => 'LAPTOP-0LQN67QS'
    'USERDOMAIN_ROAMINGPROFILE' => 'LAPTOP-0LQN67QS'
    'USERNAME' => 'Федор'
    'USERPROFILE' => 'C:\\Users\\Федор'
    'windir' => 'C:\\Windows'
    'HTTP_ACCEPT_LANGUAGE' => 'ru,en;q=0.9,en-GB;q=0.8,en-US;q=0.7'
    'HTTP_ACCEPT_ENCODING' => 'gzip, deflate'
    'HTTP_ACCEPT' => 'text/html,application/xhtml+xml,application/xml;q=0.9,image/webp,image/apng,*/*;q=0.8,application/signed-exchange;v=b3;q=0.7'
    'HTTP_USER_AGENT' => 'Mozilla/5.0 (Windows NT 10.0; Win64; x64) AppleWebKit/537.36 (KHTML, like Gecko) Chrome/116.0.0.0 Safari/537.36 Edg/116.0.1938.62'
    'HTTP_UPGRADE_INSECURE_REQUESTS' => '1'
    'HTTP_CONNECTION' => 'keep-alive'
    'HTTP_HOST' => 'taskforce.local'
    'SCRIPT_FILENAME' => 'C:/My_site/taskforce.local/frontend/web//index.php'
    'REDIRECT_STATUS' => '200'
    'SERVER_NAME' => 'taskforce.local'
    'SERVER_PORT' => '80'
    'SERVER_ADDR' => '127.0.0.1'
    'REMOTE_PORT' => '49909'
    'REMOTE_ADDR' => '127.0.0.1'
    'SERVER_SOFTWARE' => 'nginx/1.23.1'
    'GATEWAY_INTERFACE' => 'CGI/1.1'
    'REQUEST_SCHEME' => 'http'
    'SERVER_PROTOCOL' => 'HTTP/1.1'
    'DOCUMENT_ROOT' => 'C:/My_site/taskforce.local/frontend/web/'
    'DOCUMENT_URI' => '/index.php'
    'REQUEST_URI' => '/'
    'SCRIPT_NAME' => '/index.php'
    'CONTENT_LENGTH' => ''
    'CONTENT_TYPE' => ''
    'REQUEST_METHOD' => 'GET'
    'QUERY_STRING' => ''
    'FCGI_ROLE' => 'RESPONDER'
    'PHP_SELF' => '/index.php'
    'REQUEST_TIME_FLOAT' => 1693244851.8319
    'REQUEST_TIME' => 1693244851
]
2023-08-28 17:49:12 [127.0.0.1][-][-][error][yii\base\ViewNotFoundException] yii\base\ViewNotFoundException: The view file does not exist: C:\My_site\taskforce.local\frontend\web\views\site\index.php in C:\My_site\taskforce.local\vendor\yiisoft\yii2\base\View.php:233
Stack trace:
#0 C:\My_site\taskforce.local\vendor\yiisoft\yii2\base\View.php(156): yii\base\View->renderFile('C:\\My_site\\task...', Array, Object(frontend\controllers\SiteController))
#1 C:\My_site\taskforce.local\vendor\yiisoft\yii2\base\Controller.php(407): yii\base\View->render('index', Array, Object(frontend\controllers\SiteController))
#2 C:\My_site\taskforce.local\frontend\controllers\SiteController.php(88): yii\base\Controller->render('index', Array)
#3 [internal function]: frontend\controllers\SiteController->actionIndex()
#4 C:\My_site\taskforce.local\vendor\yiisoft\yii2\base\InlineAction.php(57): call_user_func_array(Array, Array)
#5 C:\My_site\taskforce.local\vendor\yiisoft\yii2\base\Controller.php(178): yii\base\InlineAction->runWithParams(Array)
#6 C:\My_site\taskforce.local\vendor\yiisoft\yii2\base\Module.php(552): yii\base\Controller->runAction('', Array)
#7 C:\My_site\taskforce.local\vendor\yiisoft\yii2\web\Application.php(103): yii\base\Module->runAction('', Array)
#8 C:\My_site\taskforce.local\vendor\yiisoft\yii2\base\Application.php(384): yii\web\Application->handleRequest(Object(yii\web\Request))
#9 C:\My_site\taskforce.local\frontend\web\index.php(18): yii\base\Application->run()
#10 {main}
2023-08-28 17:49:12 [127.0.0.1][-][-][info][application] $_GET = []

$_POST = []

$_FILES = []

$_COOKIE = []

$_SERVER = [
    'ALLUSERSPROFILE' => 'C:\\ProgramData'
    'APPDATA' => 'C:\\Users\\Федор\\AppData\\Roaming'
    'ChocolateyInstall' => 'C:\\ProgramData\\chocolatey'
    'ChocolateyLastPathUpdate' => '133056614770896386'
    'CommonProgramFiles' => 'C:\\Program Files\\Common Files'
    'CommonProgramFiles(x86)' => 'C:\\Program Files (x86)\\Common Files'
    'CommonProgramW6432' => 'C:\\Program Files\\Common Files'
    'COMPUTERNAME' => 'LAPTOP-0LQN67QS'
    'ComSpec' => 'C:\\Windows\\system32\\cmd.exe'
    'DriverData' => 'C:\\Windows\\System32\\Drivers\\DriverData'
    'HOMEDRIVE' => 'C:'
    'HOMEPATH' => '\\Users\\Федор'
    'LOCALAPPDATA' => 'C:\\Users\\Федор\\AppData\\Local'
    'LOGONSERVER' => '\\\\LAPTOP-0LQN67QS'
    'NUMBER_OF_PROCESSORS' => '4'
    'OneDrive' => 'C:\\Users\\Федор\\OneDrive'
    'OneDriveConsumer' => 'C:\\Users\\Федор\\OneDrive'
    'OS' => 'Windows_NT'
    'Path' => 'C:\\PHP;C:\\Users\\Федор\\AppData\\Local\\Programs\\Python\\Python310\\Scripts\\;C:\\Users\\Федор\\AppData\\Local\\Programs\\Python\\Python310\\;C:\\Program Files\\Microsoft\\jdk-11.0.12.7-hotspot\\bin;C:\\Windows\\system32;C:\\Windows;C:\\Windows\\System32\\Wbem;C:\\Windows\\System32\\WindowsPowerShell\\v1.0\\;C:\\Windows\\System32\\OpenSSH\\;C:\\Program Files (x86)\\AOMEI\\AOMEI Backupper\\6.9.2;C:\\Program Files\\dotnet\\;C:\\PHP7;C:\\PHP2;C:\\PHP;C:\\ProgramData\\ComposerSetup\\bin;C:\\nginx;C:\\Program Files\\MySQL;C:\\Program Files\\nodejs\\;C:\\ProgramData\\chocolatey\\bin;C:\\Program Files\\Docker\\Docker\\resources\\bin;C:\\Program Files\\Git\\cmd;C:\\Program Files\\Git\\bin\\;C:\\Users\\Федор\\AppData\\Local\\Microsoft\\WindowsApps;C:\\Users\\Федор\\.dotnet\\tools;C:\\Users\\Федор\\AppData\\Roaming\\Composer\\vendor\\bin;C:\\Users\\Федор\\AppData\\Roaming\\npm;C:\\Program Files\\JetBrains\\PhpStorm 2019.2\\bin;'
    'PATHEXT' => '.COM;.EXE;.BAT;.CMD;.VBS;.VBE;.JS;.JSE;.WSF;.WSH;.MSC;.PY;.PYW'
    'PhpStorm' => 'C:\\Program Files\\JetBrains\\PhpStorm 2019.2\\bin;'
    'PROCESSOR_ARCHITECTURE' => 'AMD64'
    'PROCESSOR_IDENTIFIER' => 'AMD64 Family 23 Model 24 Stepping 1, AuthenticAMD'
    'PROCESSOR_LEVEL' => '23'
    'PROCESSOR_REVISION' => '1801'
    'ProgramData' => 'C:\\ProgramData'
    'ProgramFiles' => 'C:\\Program Files'
    'ProgramFiles(x86)' => 'C:\\Program Files (x86)'
    'ProgramW6432' => 'C:\\Program Files'
    'PROMPT' => '$P$G'
    'PSModulePath' => 'C:\\Program Files\\WindowsPowerShell\\Modules;C:\\Windows\\system32\\WindowsPowerShell\\v1.0\\Modules'
    'PUBLIC' => 'C:\\Users\\Public'
    'SESSIONNAME' => 'Console'
    'SystemDrive' => 'C:'
    'SystemRoot' => 'C:\\Windows'
    'TEMP' => 'C:\\Users\\EE47~1\\AppData\\Local\\Temp'
    'TMP' => 'C:\\Users\\EE47~1\\AppData\\Local\\Temp'
    'USERDOMAIN' => 'LAPTOP-0LQN67QS'
    'USERDOMAIN_ROAMINGPROFILE' => 'LAPTOP-0LQN67QS'
    'USERNAME' => 'Федор'
    'USERPROFILE' => 'C:\\Users\\Федор'
    'windir' => 'C:\\Windows'
    'HTTP_ACCEPT_LANGUAGE' => 'ru,en;q=0.9,en-GB;q=0.8,en-US;q=0.7'
    'HTTP_ACCEPT_ENCODING' => 'gzip, deflate'
    'HTTP_ACCEPT' => 'text/html,application/xhtml+xml,application/xml;q=0.9,image/webp,image/apng,*/*;q=0.8,application/signed-exchange;v=b3;q=0.7'
    'HTTP_USER_AGENT' => 'Mozilla/5.0 (Windows NT 10.0; Win64; x64) AppleWebKit/537.36 (KHTML, like Gecko) Chrome/116.0.0.0 Safari/537.36 Edg/116.0.1938.62'
    'HTTP_UPGRADE_INSECURE_REQUESTS' => '1'
    'HTTP_CACHE_CONTROL' => 'max-age=0'
    'HTTP_CONNECTION' => 'keep-alive'
    'HTTP_HOST' => 'taskforce.local'
    'SCRIPT_FILENAME' => 'C:/My_site/taskforce.local/frontend/web//index.php'
    'REDIRECT_STATUS' => '200'
    'SERVER_NAME' => 'taskforce.local'
    'SERVER_PORT' => '80'
    'SERVER_ADDR' => '127.0.0.1'
    'REMOTE_PORT' => '49949'
    'REMOTE_ADDR' => '127.0.0.1'
    'SERVER_SOFTWARE' => 'nginx/1.23.1'
    'GATEWAY_INTERFACE' => 'CGI/1.1'
    'REQUEST_SCHEME' => 'http'
    'SERVER_PROTOCOL' => 'HTTP/1.1'
    'DOCUMENT_ROOT' => 'C:/My_site/taskforce.local/frontend/web/'
    'DOCUMENT_URI' => '/index.php'
    'REQUEST_URI' => '/'
    'SCRIPT_NAME' => '/index.php'
    'CONTENT_LENGTH' => ''
    'CONTENT_TYPE' => ''
    'REQUEST_METHOD' => 'GET'
    'QUERY_STRING' => ''
    'FCGI_ROLE' => 'RESPONDER'
    'PHP_SELF' => '/index.php'
    'REQUEST_TIME_FLOAT' => 1693244952.2693
    'REQUEST_TIME' => 1693244952
]
2023-08-28 17:51:51 [127.0.0.1][-][-][error][yii\base\ViewNotFoundException] yii\base\ViewNotFoundException: The view file does not exist: C:\My_site\taskforce.local\frontend\web\views\site\index.php in C:\My_site\taskforce.local\vendor\yiisoft\yii2\base\View.php:233
Stack trace:
#0 C:\My_site\taskforce.local\vendor\yiisoft\yii2\base\View.php(156): yii\base\View->renderFile('C:\\My_site\\task...', Array, Object(frontend\controllers\SiteController))
#1 C:\My_site\taskforce.local\vendor\yiisoft\yii2\base\Controller.php(407): yii\base\View->render('index', Array, Object(frontend\controllers\SiteController))
#2 C:\My_site\taskforce.local\frontend\controllers\SiteController.php(88): yii\base\Controller->render('index', Array)
#3 [internal function]: frontend\controllers\SiteController->actionIndex()
#4 C:\My_site\taskforce.local\vendor\yiisoft\yii2\base\InlineAction.php(57): call_user_func_array(Array, Array)
#5 C:\My_site\taskforce.local\vendor\yiisoft\yii2\base\Controller.php(178): yii\base\InlineAction->runWithParams(Array)
#6 C:\My_site\taskforce.local\vendor\yiisoft\yii2\base\Module.php(552): yii\base\Controller->runAction('', Array)
#7 C:\My_site\taskforce.local\vendor\yiisoft\yii2\web\Application.php(103): yii\base\Module->runAction('', Array)
#8 C:\My_site\taskforce.local\vendor\yiisoft\yii2\base\Application.php(384): yii\web\Application->handleRequest(Object(yii\web\Request))
#9 C:\My_site\taskforce.local\frontend\web\index.php(18): yii\base\Application->run()
#10 {main}
2023-08-28 17:51:51 [127.0.0.1][-][-][info][application] $_GET = []

$_POST = []

$_FILES = []

$_COOKIE = []

$_SERVER = [
    'ALLUSERSPROFILE' => 'C:\\ProgramData'
    'APPDATA' => 'C:\\Users\\Федор\\AppData\\Roaming'
    'ChocolateyInstall' => 'C:\\ProgramData\\chocolatey'
    'ChocolateyLastPathUpdate' => '133056614770896386'
    'CommonProgramFiles' => 'C:\\Program Files\\Common Files'
    'CommonProgramFiles(x86)' => 'C:\\Program Files (x86)\\Common Files'
    'CommonProgramW6432' => 'C:\\Program Files\\Common Files'
    'COMPUTERNAME' => 'LAPTOP-0LQN67QS'
    'ComSpec' => 'C:\\Windows\\system32\\cmd.exe'
    'DriverData' => 'C:\\Windows\\System32\\Drivers\\DriverData'
    'HOMEDRIVE' => 'C:'
    'HOMEPATH' => '\\Users\\Федор'
    'LOCALAPPDATA' => 'C:\\Users\\Федор\\AppData\\Local'
    'LOGONSERVER' => '\\\\LAPTOP-0LQN67QS'
    'NUMBER_OF_PROCESSORS' => '4'
    'OneDrive' => 'C:\\Users\\Федор\\OneDrive'
    'OneDriveConsumer' => 'C:\\Users\\Федор\\OneDrive'
    'OS' => 'Windows_NT'
    'Path' => 'C:\\PHP;C:\\Users\\Федор\\AppData\\Local\\Programs\\Python\\Python310\\Scripts\\;C:\\Users\\Федор\\AppData\\Local\\Programs\\Python\\Python310\\;C:\\Program Files\\Microsoft\\jdk-11.0.12.7-hotspot\\bin;C:\\Windows\\system32;C:\\Windows;C:\\Windows\\System32\\Wbem;C:\\Windows\\System32\\WindowsPowerShell\\v1.0\\;C:\\Windows\\System32\\OpenSSH\\;C:\\Program Files (x86)\\AOMEI\\AOMEI Backupper\\6.9.2;C:\\Program Files\\dotnet\\;C:\\PHP7;C:\\PHP2;C:\\PHP;C:\\ProgramData\\ComposerSetup\\bin;C:\\nginx;C:\\Program Files\\MySQL;C:\\Program Files\\nodejs\\;C:\\ProgramData\\chocolatey\\bin;C:\\Program Files\\Docker\\Docker\\resources\\bin;C:\\Program Files\\Git\\cmd;C:\\Program Files\\Git\\bin\\;C:\\Users\\Федор\\AppData\\Local\\Microsoft\\WindowsApps;C:\\Users\\Федор\\.dotnet\\tools;C:\\Users\\Федор\\AppData\\Roaming\\Composer\\vendor\\bin;C:\\Users\\Федор\\AppData\\Roaming\\npm;C:\\Program Files\\JetBrains\\PhpStorm 2019.2\\bin;'
    'PATHEXT' => '.COM;.EXE;.BAT;.CMD;.VBS;.VBE;.JS;.JSE;.WSF;.WSH;.MSC;.PY;.PYW'
    'PhpStorm' => 'C:\\Program Files\\JetBrains\\PhpStorm 2019.2\\bin;'
    'PROCESSOR_ARCHITECTURE' => 'AMD64'
    'PROCESSOR_IDENTIFIER' => 'AMD64 Family 23 Model 24 Stepping 1, AuthenticAMD'
    'PROCESSOR_LEVEL' => '23'
    'PROCESSOR_REVISION' => '1801'
    'ProgramData' => 'C:\\ProgramData'
    'ProgramFiles' => 'C:\\Program Files'
    'ProgramFiles(x86)' => 'C:\\Program Files (x86)'
    'ProgramW6432' => 'C:\\Program Files'
    'PROMPT' => '$P$G'
    'PSModulePath' => 'C:\\Program Files\\WindowsPowerShell\\Modules;C:\\Windows\\system32\\WindowsPowerShell\\v1.0\\Modules'
    'PUBLIC' => 'C:\\Users\\Public'
    'SESSIONNAME' => 'Console'
    'SystemDrive' => 'C:'
    'SystemRoot' => 'C:\\Windows'
    'TEMP' => 'C:\\Users\\EE47~1\\AppData\\Local\\Temp'
    'TMP' => 'C:\\Users\\EE47~1\\AppData\\Local\\Temp'
    'USERDOMAIN' => 'LAPTOP-0LQN67QS'
    'USERDOMAIN_ROAMINGPROFILE' => 'LAPTOP-0LQN67QS'
    'USERNAME' => 'Федор'
    'USERPROFILE' => 'C:\\Users\\Федор'
    'windir' => 'C:\\Windows'
    'HTTP_ACCEPT_LANGUAGE' => 'ru,en;q=0.9,en-GB;q=0.8,en-US;q=0.7'
    'HTTP_ACCEPT_ENCODING' => 'gzip, deflate'
    'HTTP_ACCEPT' => 'text/html,application/xhtml+xml,application/xml;q=0.9,image/webp,image/apng,*/*;q=0.8,application/signed-exchange;v=b3;q=0.7'
    'HTTP_USER_AGENT' => 'Mozilla/5.0 (Windows NT 10.0; Win64; x64) AppleWebKit/537.36 (KHTML, like Gecko) Chrome/116.0.0.0 Safari/537.36 Edg/116.0.1938.62'
    'HTTP_UPGRADE_INSECURE_REQUESTS' => '1'
    'HTTP_CACHE_CONTROL' => 'max-age=0'
    'HTTP_CONNECTION' => 'keep-alive'
    'HTTP_HOST' => 'taskforce.local'
    'SCRIPT_FILENAME' => 'C:/My_site/taskforce.local/frontend/web//index.php'
    'REDIRECT_STATUS' => '200'
    'SERVER_NAME' => 'taskforce.local'
    'SERVER_PORT' => '80'
    'SERVER_ADDR' => '127.0.0.1'
    'REMOTE_PORT' => '50065'
    'REMOTE_ADDR' => '127.0.0.1'
    'SERVER_SOFTWARE' => 'nginx/1.23.1'
    'GATEWAY_INTERFACE' => 'CGI/1.1'
    'REQUEST_SCHEME' => 'http'
    'SERVER_PROTOCOL' => 'HTTP/1.1'
    'DOCUMENT_ROOT' => 'C:/My_site/taskforce.local/frontend/web/'
    'DOCUMENT_URI' => '/index.php'
    'REQUEST_URI' => '/'
    'SCRIPT_NAME' => '/index.php'
    'CONTENT_LENGTH' => ''
    'CONTENT_TYPE' => ''
    'REQUEST_METHOD' => 'GET'
    'QUERY_STRING' => ''
    'FCGI_ROLE' => 'RESPONDER'
    'PHP_SELF' => '/index.php'
    'REQUEST_TIME_FLOAT' => 1693245111.8983
    'REQUEST_TIME' => 1693245111
]
2023-08-28 17:55:11 [127.0.0.1][-][-][error][yii\base\ViewNotFoundException] yii\base\ViewNotFoundException: The view file does not exist: C:\My_site\taskforce.local\frontend\web\views\site\index.php in C:\My_site\taskforce.local\vendor\yiisoft\yii2\base\View.php:233
Stack trace:
#0 C:\My_site\taskforce.local\vendor\yiisoft\yii2\base\View.php(156): yii\base\View->renderFile('C:\\My_site\\task...', Array, Object(frontend\controllers\SiteController))
#1 C:\My_site\taskforce.local\vendor\yiisoft\yii2\base\Controller.php(407): yii\base\View->render('index', Array, Object(frontend\controllers\SiteController))
#2 C:\My_site\taskforce.local\frontend\controllers\SiteController.php(88): yii\base\Controller->render('index', Array)
#3 [internal function]: frontend\controllers\SiteController->actionIndex()
#4 C:\My_site\taskforce.local\vendor\yiisoft\yii2\base\InlineAction.php(57): call_user_func_array(Array, Array)
#5 C:\My_site\taskforce.local\vendor\yiisoft\yii2\base\Controller.php(178): yii\base\InlineAction->runWithParams(Array)
#6 C:\My_site\taskforce.local\vendor\yiisoft\yii2\base\Module.php(552): yii\base\Controller->runAction('', Array)
#7 C:\My_site\taskforce.local\vendor\yiisoft\yii2\web\Application.php(103): yii\base\Module->runAction('', Array)
#8 C:\My_site\taskforce.local\vendor\yiisoft\yii2\base\Application.php(384): yii\web\Application->handleRequest(Object(yii\web\Request))
#9 C:\My_site\taskforce.local\frontend\web\index.php(18): yii\base\Application->run()
#10 {main}
2023-08-28 17:55:11 [127.0.0.1][-][-][info][application] $_GET = []

$_POST = []

$_FILES = []

$_COOKIE = []

$_SERVER = [
    'ALLUSERSPROFILE' => 'C:\\ProgramData'
    'APPDATA' => 'C:\\Users\\Федор\\AppData\\Roaming'
    'ChocolateyInstall' => 'C:\\ProgramData\\chocolatey'
    'ChocolateyLastPathUpdate' => '133056614770896386'
    'CommonProgramFiles' => 'C:\\Program Files\\Common Files'
    'CommonProgramFiles(x86)' => 'C:\\Program Files (x86)\\Common Files'
    'CommonProgramW6432' => 'C:\\Program Files\\Common Files'
    'COMPUTERNAME' => 'LAPTOP-0LQN67QS'
    'ComSpec' => 'C:\\Windows\\system32\\cmd.exe'
    'DriverData' => 'C:\\Windows\\System32\\Drivers\\DriverData'
    'HOMEDRIVE' => 'C:'
    'HOMEPATH' => '\\Users\\Федор'
    'LOCALAPPDATA' => 'C:\\Users\\Федор\\AppData\\Local'
    'LOGONSERVER' => '\\\\LAPTOP-0LQN67QS'
    'NUMBER_OF_PROCESSORS' => '4'
    'OneDrive' => 'C:\\Users\\Федор\\OneDrive'
    'OneDriveConsumer' => 'C:\\Users\\Федор\\OneDrive'
    'OS' => 'Windows_NT'
    'Path' => 'C:\\PHP;C:\\Users\\Федор\\AppData\\Local\\Programs\\Python\\Python310\\Scripts\\;C:\\Users\\Федор\\AppData\\Local\\Programs\\Python\\Python310\\;C:\\Program Files\\Microsoft\\jdk-11.0.12.7-hotspot\\bin;C:\\Windows\\system32;C:\\Windows;C:\\Windows\\System32\\Wbem;C:\\Windows\\System32\\WindowsPowerShell\\v1.0\\;C:\\Windows\\System32\\OpenSSH\\;C:\\Program Files (x86)\\AOMEI\\AOMEI Backupper\\6.9.2;C:\\Program Files\\dotnet\\;C:\\PHP7;C:\\PHP2;C:\\PHP;C:\\ProgramData\\ComposerSetup\\bin;C:\\nginx;C:\\Program Files\\MySQL;C:\\Program Files\\nodejs\\;C:\\ProgramData\\chocolatey\\bin;C:\\Program Files\\Docker\\Docker\\resources\\bin;C:\\Program Files\\Git\\cmd;C:\\Program Files\\Git\\bin\\;C:\\Users\\Федор\\AppData\\Local\\Microsoft\\WindowsApps;C:\\Users\\Федор\\.dotnet\\tools;C:\\Users\\Федор\\AppData\\Roaming\\Composer\\vendor\\bin;C:\\Users\\Федор\\AppData\\Roaming\\npm;C:\\Program Files\\JetBrains\\PhpStorm 2019.2\\bin;'
    'PATHEXT' => '.COM;.EXE;.BAT;.CMD;.VBS;.VBE;.JS;.JSE;.WSF;.WSH;.MSC;.PY;.PYW'
    'PhpStorm' => 'C:\\Program Files\\JetBrains\\PhpStorm 2019.2\\bin;'
    'PROCESSOR_ARCHITECTURE' => 'AMD64'
    'PROCESSOR_IDENTIFIER' => 'AMD64 Family 23 Model 24 Stepping 1, AuthenticAMD'
    'PROCESSOR_LEVEL' => '23'
    'PROCESSOR_REVISION' => '1801'
    'ProgramData' => 'C:\\ProgramData'
    'ProgramFiles' => 'C:\\Program Files'
    'ProgramFiles(x86)' => 'C:\\Program Files (x86)'
    'ProgramW6432' => 'C:\\Program Files'
    'PROMPT' => '$P$G'
    'PSModulePath' => 'C:\\Program Files\\WindowsPowerShell\\Modules;C:\\Windows\\system32\\WindowsPowerShell\\v1.0\\Modules'
    'PUBLIC' => 'C:\\Users\\Public'
    'SESSIONNAME' => 'Console'
    'SystemDrive' => 'C:'
    'SystemRoot' => 'C:\\Windows'
    'TEMP' => 'C:\\Users\\EE47~1\\AppData\\Local\\Temp'
    'TMP' => 'C:\\Users\\EE47~1\\AppData\\Local\\Temp'
    'USERDOMAIN' => 'LAPTOP-0LQN67QS'
    'USERDOMAIN_ROAMINGPROFILE' => 'LAPTOP-0LQN67QS'
    'USERNAME' => 'Федор'
    'USERPROFILE' => 'C:\\Users\\Федор'
    'windir' => 'C:\\Windows'
    'HTTP_ACCEPT_LANGUAGE' => 'ru,en;q=0.9,en-GB;q=0.8,en-US;q=0.7'
    'HTTP_ACCEPT_ENCODING' => 'gzip, deflate'
    'HTTP_ACCEPT' => 'text/html,application/xhtml+xml,application/xml;q=0.9,image/webp,image/apng,*/*;q=0.8,application/signed-exchange;v=b3;q=0.7'
    'HTTP_USER_AGENT' => 'Mozilla/5.0 (Windows NT 10.0; Win64; x64) AppleWebKit/537.36 (KHTML, like Gecko) Chrome/116.0.0.0 Safari/537.36 Edg/116.0.1938.62'
    'HTTP_UPGRADE_INSECURE_REQUESTS' => '1'
    'HTTP_CACHE_CONTROL' => 'max-age=0'
    'HTTP_CONNECTION' => 'keep-alive'
    'HTTP_HOST' => 'taskforce.local'
    'SCRIPT_FILENAME' => 'C:/My_site/taskforce.local/frontend/web//index.php'
    'REDIRECT_STATUS' => '200'
    'SERVER_NAME' => 'taskforce.local'
    'SERVER_PORT' => '80'
    'SERVER_ADDR' => '127.0.0.1'
    'REMOTE_PORT' => '50225'
    'REMOTE_ADDR' => '127.0.0.1'
    'SERVER_SOFTWARE' => 'nginx/1.23.1'
    'GATEWAY_INTERFACE' => 'CGI/1.1'
    'REQUEST_SCHEME' => 'http'
    'SERVER_PROTOCOL' => 'HTTP/1.1'
    'DOCUMENT_ROOT' => 'C:/My_site/taskforce.local/frontend/web/'
    'DOCUMENT_URI' => '/index.php'
    'REQUEST_URI' => '/'
    'SCRIPT_NAME' => '/index.php'
    'CONTENT_LENGTH' => ''
    'CONTENT_TYPE' => ''
    'REQUEST_METHOD' => 'GET'
    'QUERY_STRING' => ''
    'FCGI_ROLE' => 'RESPONDER'
    'PHP_SELF' => '/index.php'
    'REQUEST_TIME_FLOAT' => 1693245311.2985
    'REQUEST_TIME' => 1693245311
]
2023-08-28 17:55:32 [127.0.0.1][-][-][error][yii\base\ViewNotFoundException] yii\base\ViewNotFoundException: The view file does not exist: C:\My_site\taskforce.local\frontend\web\views\site\index.php in C:\My_site\taskforce.local\vendor\yiisoft\yii2\base\View.php:233
Stack trace:
#0 C:\My_site\taskforce.local\vendor\yiisoft\yii2\base\View.php(156): yii\base\View->renderFile('C:\\My_site\\task...', Array, Object(frontend\controllers\SiteController))
#1 C:\My_site\taskforce.local\vendor\yiisoft\yii2\base\Controller.php(407): yii\base\View->render('index', Array, Object(frontend\controllers\SiteController))
#2 C:\My_site\taskforce.local\frontend\controllers\SiteController.php(88): yii\base\Controller->render('index', Array)
#3 [internal function]: frontend\controllers\SiteController->actionIndex()
#4 C:\My_site\taskforce.local\vendor\yiisoft\yii2\base\InlineAction.php(57): call_user_func_array(Array, Array)
#5 C:\My_site\taskforce.local\vendor\yiisoft\yii2\base\Controller.php(178): yii\base\InlineAction->runWithParams(Array)
#6 C:\My_site\taskforce.local\vendor\yiisoft\yii2\base\Module.php(552): yii\base\Controller->runAction('', Array)
#7 C:\My_site\taskforce.local\vendor\yiisoft\yii2\web\Application.php(103): yii\base\Module->runAction('', Array)
#8 C:\My_site\taskforce.local\vendor\yiisoft\yii2\base\Application.php(384): yii\web\Application->handleRequest(Object(yii\web\Request))
#9 C:\My_site\taskforce.local\frontend\web\index.php(18): yii\base\Application->run()
#10 {main}
2023-08-28 17:55:32 [127.0.0.1][-][-][info][application] $_GET = []

$_POST = []

$_FILES = []

$_COOKIE = []

$_SERVER = [
    'ALLUSERSPROFILE' => 'C:\\ProgramData'
    'APPDATA' => 'C:\\Users\\Федор\\AppData\\Roaming'
    'ChocolateyInstall' => 'C:\\ProgramData\\chocolatey'
    'ChocolateyLastPathUpdate' => '133056614770896386'
    'CommonProgramFiles' => 'C:\\Program Files\\Common Files'
    'CommonProgramFiles(x86)' => 'C:\\Program Files (x86)\\Common Files'
    'CommonProgramW6432' => 'C:\\Program Files\\Common Files'
    'COMPUTERNAME' => 'LAPTOP-0LQN67QS'
    'ComSpec' => 'C:\\Windows\\system32\\cmd.exe'
    'DriverData' => 'C:\\Windows\\System32\\Drivers\\DriverData'
    'HOMEDRIVE' => 'C:'
    'HOMEPATH' => '\\Users\\Федор'
    'LOCALAPPDATA' => 'C:\\Users\\Федор\\AppData\\Local'
    'LOGONSERVER' => '\\\\LAPTOP-0LQN67QS'
    'NUMBER_OF_PROCESSORS' => '4'
    'OneDrive' => 'C:\\Users\\Федор\\OneDrive'
    'OneDriveConsumer' => 'C:\\Users\\Федор\\OneDrive'
    'OS' => 'Windows_NT'
    'Path' => 'C:\\PHP;C:\\Users\\Федор\\AppData\\Local\\Programs\\Python\\Python310\\Scripts\\;C:\\Users\\Федор\\AppData\\Local\\Programs\\Python\\Python310\\;C:\\Program Files\\Microsoft\\jdk-11.0.12.7-hotspot\\bin;C:\\Windows\\system32;C:\\Windows;C:\\Windows\\System32\\Wbem;C:\\Windows\\System32\\WindowsPowerShell\\v1.0\\;C:\\Windows\\System32\\OpenSSH\\;C:\\Program Files (x86)\\AOMEI\\AOMEI Backupper\\6.9.2;C:\\Program Files\\dotnet\\;C:\\PHP7;C:\\PHP2;C:\\PHP;C:\\ProgramData\\ComposerSetup\\bin;C:\\nginx;C:\\Program Files\\MySQL;C:\\Program Files\\nodejs\\;C:\\ProgramData\\chocolatey\\bin;C:\\Program Files\\Docker\\Docker\\resources\\bin;C:\\Program Files\\Git\\cmd;C:\\Program Files\\Git\\bin\\;C:\\Users\\Федор\\AppData\\Local\\Microsoft\\WindowsApps;C:\\Users\\Федор\\.dotnet\\tools;C:\\Users\\Федор\\AppData\\Roaming\\Composer\\vendor\\bin;C:\\Users\\Федор\\AppData\\Roaming\\npm;C:\\Program Files\\JetBrains\\PhpStorm 2019.2\\bin;'
    'PATHEXT' => '.COM;.EXE;.BAT;.CMD;.VBS;.VBE;.JS;.JSE;.WSF;.WSH;.MSC;.PY;.PYW'
    'PhpStorm' => 'C:\\Program Files\\JetBrains\\PhpStorm 2019.2\\bin;'
    'PROCESSOR_ARCHITECTURE' => 'AMD64'
    'PROCESSOR_IDENTIFIER' => 'AMD64 Family 23 Model 24 Stepping 1, AuthenticAMD'
    'PROCESSOR_LEVEL' => '23'
    'PROCESSOR_REVISION' => '1801'
    'ProgramData' => 'C:\\ProgramData'
    'ProgramFiles' => 'C:\\Program Files'
    'ProgramFiles(x86)' => 'C:\\Program Files (x86)'
    'ProgramW6432' => 'C:\\Program Files'
    'PROMPT' => '$P$G'
    'PSModulePath' => 'C:\\Program Files\\WindowsPowerShell\\Modules;C:\\Windows\\system32\\WindowsPowerShell\\v1.0\\Modules'
    'PUBLIC' => 'C:\\Users\\Public'
    'SESSIONNAME' => 'Console'
    'SystemDrive' => 'C:'
    'SystemRoot' => 'C:\\Windows'
    'TEMP' => 'C:\\Users\\EE47~1\\AppData\\Local\\Temp'
    'TMP' => 'C:\\Users\\EE47~1\\AppData\\Local\\Temp'
    'USERDOMAIN' => 'LAPTOP-0LQN67QS'
    'USERDOMAIN_ROAMINGPROFILE' => 'LAPTOP-0LQN67QS'
    'USERNAME' => 'Федор'
    'USERPROFILE' => 'C:\\Users\\Федор'
    'windir' => 'C:\\Windows'
    'HTTP_ACCEPT_LANGUAGE' => 'ru,en;q=0.9,en-GB;q=0.8,en-US;q=0.7'
    'HTTP_ACCEPT_ENCODING' => 'gzip, deflate'
    'HTTP_ACCEPT' => 'text/html,application/xhtml+xml,application/xml;q=0.9,image/webp,image/apng,*/*;q=0.8,application/signed-exchange;v=b3;q=0.7'
    'HTTP_USER_AGENT' => 'Mozilla/5.0 (Windows NT 10.0; Win64; x64) AppleWebKit/537.36 (KHTML, like Gecko) Chrome/116.0.0.0 Safari/537.36 Edg/116.0.1938.62'
    'HTTP_UPGRADE_INSECURE_REQUESTS' => '1'
    'HTTP_CACHE_CONTROL' => 'max-age=0'
    'HTTP_CONNECTION' => 'keep-alive'
    'HTTP_HOST' => 'taskforce.local'
    'SCRIPT_FILENAME' => 'C:/My_site/taskforce.local/frontend/web//index.php'
    'REDIRECT_STATUS' => '200'
    'SERVER_NAME' => 'taskforce.local'
    'SERVER_PORT' => '80'
    'SERVER_ADDR' => '127.0.0.1'
    'REMOTE_PORT' => '50244'
    'REMOTE_ADDR' => '127.0.0.1'
    'SERVER_SOFTWARE' => 'nginx/1.23.1'
    'GATEWAY_INTERFACE' => 'CGI/1.1'
    'REQUEST_SCHEME' => 'http'
    'SERVER_PROTOCOL' => 'HTTP/1.1'
    'DOCUMENT_ROOT' => 'C:/My_site/taskforce.local/frontend/web/'
    'DOCUMENT_URI' => '/index.php'
    'REQUEST_URI' => '/'
    'SCRIPT_NAME' => '/index.php'
    'CONTENT_LENGTH' => ''
    'CONTENT_TYPE' => ''
    'REQUEST_METHOD' => 'GET'
    'QUERY_STRING' => ''
    'FCGI_ROLE' => 'RESPONDER'
    'PHP_SELF' => '/index.php'
    'REQUEST_TIME_FLOAT' => 1693245332.2196
    'REQUEST_TIME' => 1693245332
]
2023-08-28 18:03:22 [127.0.0.1][-][-][error][yii\base\ViewNotFoundException] yii\base\ViewNotFoundException: The view file does not exist: C:\My_site\taskforce.local\frontend\web\views\site\index.php in C:\My_site\taskforce.local\vendor\yiisoft\yii2\base\View.php:233
Stack trace:
#0 C:\My_site\taskforce.local\vendor\yiisoft\yii2\base\View.php(156): yii\base\View->renderFile('C:\\My_site\\task...', Array, Object(frontend\controllers\SiteController))
#1 C:\My_site\taskforce.local\vendor\yiisoft\yii2\base\Controller.php(407): yii\base\View->render('index', Array, Object(frontend\controllers\SiteController))
#2 C:\My_site\taskforce.local\frontend\controllers\SiteController.php(88): yii\base\Controller->render('index', Array)
#3 [internal function]: frontend\controllers\SiteController->actionIndex()
#4 C:\My_site\taskforce.local\vendor\yiisoft\yii2\base\InlineAction.php(57): call_user_func_array(Array, Array)
#5 C:\My_site\taskforce.local\vendor\yiisoft\yii2\base\Controller.php(178): yii\base\InlineAction->runWithParams(Array)
#6 C:\My_site\taskforce.local\vendor\yiisoft\yii2\base\Module.php(552): yii\base\Controller->runAction('', Array)
#7 C:\My_site\taskforce.local\vendor\yiisoft\yii2\web\Application.php(103): yii\base\Module->runAction('', Array)
#8 C:\My_site\taskforce.local\vendor\yiisoft\yii2\base\Application.php(384): yii\web\Application->handleRequest(Object(yii\web\Request))
#9 C:\My_site\taskforce.local\frontend\web\index.php(18): yii\base\Application->run()
#10 {main}
2023-08-28 18:03:22 [127.0.0.1][-][-][info][application] $_GET = []

$_POST = []

$_FILES = []

$_COOKIE = []

$_SERVER = [
    'ALLUSERSPROFILE' => 'C:\\ProgramData'
    'APPDATA' => 'C:\\Users\\Федор\\AppData\\Roaming'
    'ChocolateyInstall' => 'C:\\ProgramData\\chocolatey'
    'ChocolateyLastPathUpdate' => '133056614770896386'
    'CommonProgramFiles' => 'C:\\Program Files\\Common Files'
    'CommonProgramFiles(x86)' => 'C:\\Program Files (x86)\\Common Files'
    'CommonProgramW6432' => 'C:\\Program Files\\Common Files'
    'COMPUTERNAME' => 'LAPTOP-0LQN67QS'
    'ComSpec' => 'C:\\Windows\\system32\\cmd.exe'
    'DriverData' => 'C:\\Windows\\System32\\Drivers\\DriverData'
    'HOMEDRIVE' => 'C:'
    'HOMEPATH' => '\\Users\\Федор'
    'LOCALAPPDATA' => 'C:\\Users\\Федор\\AppData\\Local'
    'LOGONSERVER' => '\\\\LAPTOP-0LQN67QS'
    'NUMBER_OF_PROCESSORS' => '4'
    'OneDrive' => 'C:\\Users\\Федор\\OneDrive'
    'OneDriveConsumer' => 'C:\\Users\\Федор\\OneDrive'
    'OS' => 'Windows_NT'
    'Path' => 'C:\\PHP;C:\\Users\\Федор\\AppData\\Local\\Programs\\Python\\Python310\\Scripts\\;C:\\Users\\Федор\\AppData\\Local\\Programs\\Python\\Python310\\;C:\\Program Files\\Microsoft\\jdk-11.0.12.7-hotspot\\bin;C:\\Windows\\system32;C:\\Windows;C:\\Windows\\System32\\Wbem;C:\\Windows\\System32\\WindowsPowerShell\\v1.0\\;C:\\Windows\\System32\\OpenSSH\\;C:\\Program Files (x86)\\AOMEI\\AOMEI Backupper\\6.9.2;C:\\Program Files\\dotnet\\;C:\\PHP7;C:\\PHP2;C:\\PHP;C:\\ProgramData\\ComposerSetup\\bin;C:\\nginx;C:\\Program Files\\MySQL;C:\\Program Files\\nodejs\\;C:\\ProgramData\\chocolatey\\bin;C:\\Program Files\\Docker\\Docker\\resources\\bin;C:\\Program Files\\Git\\cmd;C:\\Program Files\\Git\\bin\\;C:\\Users\\Федор\\AppData\\Local\\Microsoft\\WindowsApps;C:\\Users\\Федор\\.dotnet\\tools;C:\\Users\\Федор\\AppData\\Roaming\\Composer\\vendor\\bin;C:\\Users\\Федор\\AppData\\Roaming\\npm;C:\\Program Files\\JetBrains\\PhpStorm 2019.2\\bin;'
    'PATHEXT' => '.COM;.EXE;.BAT;.CMD;.VBS;.VBE;.JS;.JSE;.WSF;.WSH;.MSC;.PY;.PYW'
    'PhpStorm' => 'C:\\Program Files\\JetBrains\\PhpStorm 2019.2\\bin;'
    'PROCESSOR_ARCHITECTURE' => 'AMD64'
    'PROCESSOR_IDENTIFIER' => 'AMD64 Family 23 Model 24 Stepping 1, AuthenticAMD'
    'PROCESSOR_LEVEL' => '23'
    'PROCESSOR_REVISION' => '1801'
    'ProgramData' => 'C:\\ProgramData'
    'ProgramFiles' => 'C:\\Program Files'
    'ProgramFiles(x86)' => 'C:\\Program Files (x86)'
    'ProgramW6432' => 'C:\\Program Files'
    'PROMPT' => '$P$G'
    'PSModulePath' => 'C:\\Program Files\\WindowsPowerShell\\Modules;C:\\Windows\\system32\\WindowsPowerShell\\v1.0\\Modules'
    'PUBLIC' => 'C:\\Users\\Public'
    'SESSIONNAME' => 'Console'
    'SystemDrive' => 'C:'
    'SystemRoot' => 'C:\\Windows'
    'TEMP' => 'C:\\Users\\EE47~1\\AppData\\Local\\Temp'
    'TMP' => 'C:\\Users\\EE47~1\\AppData\\Local\\Temp'
    'USERDOMAIN' => 'LAPTOP-0LQN67QS'
    'USERDOMAIN_ROAMINGPROFILE' => 'LAPTOP-0LQN67QS'
    'USERNAME' => 'Федор'
    'USERPROFILE' => 'C:\\Users\\Федор'
    'windir' => 'C:\\Windows'
    'HTTP_ACCEPT_LANGUAGE' => 'ru,en;q=0.9,en-GB;q=0.8,en-US;q=0.7'
    'HTTP_ACCEPT_ENCODING' => 'gzip, deflate'
    'HTTP_ACCEPT' => 'text/html,application/xhtml+xml,application/xml;q=0.9,image/webp,image/apng,*/*;q=0.8,application/signed-exchange;v=b3;q=0.7'
    'HTTP_USER_AGENT' => 'Mozilla/5.0 (Windows NT 10.0; Win64; x64) AppleWebKit/537.36 (KHTML, like Gecko) Chrome/116.0.0.0 Safari/537.36 Edg/116.0.1938.62'
    'HTTP_UPGRADE_INSECURE_REQUESTS' => '1'
    'HTTP_CACHE_CONTROL' => 'max-age=0'
    'HTTP_CONNECTION' => 'keep-alive'
    'HTTP_HOST' => 'taskforce.local'
    'SCRIPT_FILENAME' => 'C:/My_site/taskforce.local/frontend/web//index.php'
    'REDIRECT_STATUS' => '200'
    'SERVER_NAME' => 'taskforce.local'
    'SERVER_PORT' => '80'
    'SERVER_ADDR' => '127.0.0.1'
    'REMOTE_PORT' => '50626'
    'REMOTE_ADDR' => '127.0.0.1'
    'SERVER_SOFTWARE' => 'nginx/1.23.1'
    'GATEWAY_INTERFACE' => 'CGI/1.1'
    'REQUEST_SCHEME' => 'http'
    'SERVER_PROTOCOL' => 'HTTP/1.1'
    'DOCUMENT_ROOT' => 'C:/My_site/taskforce.local/frontend/web/'
    'DOCUMENT_URI' => '/index.php'
    'REQUEST_URI' => '/'
    'SCRIPT_NAME' => '/index.php'
    'CONTENT_LENGTH' => ''
    'CONTENT_TYPE' => ''
    'REQUEST_METHOD' => 'GET'
    'QUERY_STRING' => ''
    'FCGI_ROLE' => 'RESPONDER'
    'PHP_SELF' => '/index.php'
    'REQUEST_TIME_FLOAT' => 1693245802.379
    'REQUEST_TIME' => 1693245802
]
2023-08-28 20:34:52 [127.0.0.1][-][-][error][yii\base\ViewNotFoundException] yii\base\ViewNotFoundException: The view file does not exist: C:\My_site\taskforce.local\frontend\web\views\site\index.php in C:\My_site\taskforce.local\vendor\yiisoft\yii2\base\View.php:233
Stack trace:
#0 C:\My_site\taskforce.local\vendor\yiisoft\yii2\base\View.php(156): yii\base\View->renderFile('C:\\My_site\\task...', Array, Object(frontend\controllers\SiteController))
#1 C:\My_site\taskforce.local\vendor\yiisoft\yii2\base\Controller.php(407): yii\base\View->render('index', Array, Object(frontend\controllers\SiteController))
#2 C:\My_site\taskforce.local\frontend\controllers\SiteController.php(88): yii\base\Controller->render('index', Array)
#3 [internal function]: frontend\controllers\SiteController->actionIndex()
#4 C:\My_site\taskforce.local\vendor\yiisoft\yii2\base\InlineAction.php(57): call_user_func_array(Array, Array)
#5 C:\My_site\taskforce.local\vendor\yiisoft\yii2\base\Controller.php(178): yii\base\InlineAction->runWithParams(Array)
#6 C:\My_site\taskforce.local\vendor\yiisoft\yii2\base\Module.php(552): yii\base\Controller->runAction('', Array)
#7 C:\My_site\taskforce.local\vendor\yiisoft\yii2\web\Application.php(103): yii\base\Module->runAction('', Array)
#8 C:\My_site\taskforce.local\vendor\yiisoft\yii2\base\Application.php(384): yii\web\Application->handleRequest(Object(yii\web\Request))
#9 C:\My_site\taskforce.local\frontend\web\index.php(18): yii\base\Application->run()
#10 {main}
2023-08-28 20:34:52 [127.0.0.1][-][-][info][application] $_GET = []

$_POST = []

$_FILES = []

$_COOKIE = []

$_SERVER = [
    'ALLUSERSPROFILE' => 'C:\\ProgramData'
    'APPDATA' => 'C:\\Users\\Федор\\AppData\\Roaming'
    'ChocolateyInstall' => 'C:\\ProgramData\\chocolatey'
    'ChocolateyLastPathUpdate' => '133056614770896386'
    'CommonProgramFiles' => 'C:\\Program Files\\Common Files'
    'CommonProgramFiles(x86)' => 'C:\\Program Files (x86)\\Common Files'
    'CommonProgramW6432' => 'C:\\Program Files\\Common Files'
    'COMPUTERNAME' => 'LAPTOP-0LQN67QS'
    'ComSpec' => 'C:\\Windows\\system32\\cmd.exe'
    'DriverData' => 'C:\\Windows\\System32\\Drivers\\DriverData'
    'HOMEDRIVE' => 'C:'
    'HOMEPATH' => '\\Users\\Федор'
    'LOCALAPPDATA' => 'C:\\Users\\Федор\\AppData\\Local'
    'LOGONSERVER' => '\\\\LAPTOP-0LQN67QS'
    'NUMBER_OF_PROCESSORS' => '4'
    'OneDrive' => 'C:\\Users\\Федор\\OneDrive'
    'OneDriveConsumer' => 'C:\\Users\\Федор\\OneDrive'
    'OS' => 'Windows_NT'
    'Path' => 'C:\\PHP;C:\\Users\\Федор\\AppData\\Local\\Programs\\Python\\Python310\\Scripts\\;C:\\Users\\Федор\\AppData\\Local\\Programs\\Python\\Python310\\;C:\\Program Files\\Microsoft\\jdk-11.0.12.7-hotspot\\bin;C:\\Windows\\system32;C:\\Windows;C:\\Windows\\System32\\Wbem;C:\\Windows\\System32\\WindowsPowerShell\\v1.0\\;C:\\Windows\\System32\\OpenSSH\\;C:\\Program Files (x86)\\AOMEI\\AOMEI Backupper\\6.9.2;C:\\Program Files\\dotnet\\;C:\\PHP7;C:\\PHP2;C:\\PHP;C:\\ProgramData\\ComposerSetup\\bin;C:\\nginx;C:\\Program Files\\MySQL;C:\\Program Files\\nodejs\\;C:\\ProgramData\\chocolatey\\bin;C:\\Program Files\\Docker\\Docker\\resources\\bin;C:\\Program Files\\Git\\cmd;C:\\Program Files\\Git\\bin\\;C:\\Users\\Федор\\AppData\\Local\\Microsoft\\WindowsApps;C:\\Users\\Федор\\.dotnet\\tools;C:\\Users\\Федор\\AppData\\Roaming\\Composer\\vendor\\bin;C:\\Users\\Федор\\AppData\\Roaming\\npm;C:\\Program Files\\JetBrains\\PhpStorm 2019.2\\bin;'
    'PATHEXT' => '.COM;.EXE;.BAT;.CMD;.VBS;.VBE;.JS;.JSE;.WSF;.WSH;.MSC;.PY;.PYW'
    'PhpStorm' => 'C:\\Program Files\\JetBrains\\PhpStorm 2019.2\\bin;'
    'PROCESSOR_ARCHITECTURE' => 'AMD64'
    'PROCESSOR_IDENTIFIER' => 'AMD64 Family 23 Model 24 Stepping 1, AuthenticAMD'
    'PROCESSOR_LEVEL' => '23'
    'PROCESSOR_REVISION' => '1801'
    'ProgramData' => 'C:\\ProgramData'
    'ProgramFiles' => 'C:\\Program Files'
    'ProgramFiles(x86)' => 'C:\\Program Files (x86)'
    'ProgramW6432' => 'C:\\Program Files'
    'PROMPT' => '$P$G'
    'PSModulePath' => 'C:\\Program Files\\WindowsPowerShell\\Modules;C:\\Windows\\system32\\WindowsPowerShell\\v1.0\\Modules'
    'PUBLIC' => 'C:\\Users\\Public'
    'SESSIONNAME' => 'Console'
    'SystemDrive' => 'C:'
    'SystemRoot' => 'C:\\Windows'
    'TEMP' => 'C:\\Users\\EE47~1\\AppData\\Local\\Temp'
    'TMP' => 'C:\\Users\\EE47~1\\AppData\\Local\\Temp'
    'USERDOMAIN' => 'LAPTOP-0LQN67QS'
    'USERDOMAIN_ROAMINGPROFILE' => 'LAPTOP-0LQN67QS'
    'USERNAME' => 'Федор'
    'USERPROFILE' => 'C:\\Users\\Федор'
    'windir' => 'C:\\Windows'
    'HTTP_ACCEPT_LANGUAGE' => 'ru,en;q=0.9,en-GB;q=0.8,en-US;q=0.7'
    'HTTP_ACCEPT_ENCODING' => 'gzip, deflate'
    'HTTP_ACCEPT' => 'text/html,application/xhtml+xml,application/xml;q=0.9,image/webp,image/apng,*/*;q=0.8,application/signed-exchange;v=b3;q=0.7'
    'HTTP_USER_AGENT' => 'Mozilla/5.0 (Windows NT 10.0; Win64; x64) AppleWebKit/537.36 (KHTML, like Gecko) Chrome/116.0.0.0 Safari/537.36 Edg/116.0.1938.62'
    'HTTP_UPGRADE_INSECURE_REQUESTS' => '1'
    'HTTP_CACHE_CONTROL' => 'max-age=0'
    'HTTP_CONNECTION' => 'keep-alive'
    'HTTP_HOST' => 'taskforce.local'
    'SCRIPT_FILENAME' => 'C:/My_site/taskforce.local/frontend/web//index.php'
    'REDIRECT_STATUS' => '200'
    'SERVER_NAME' => 'taskforce.local'
    'SERVER_PORT' => '80'
    'SERVER_ADDR' => '127.0.0.1'
    'REMOTE_PORT' => '51454'
    'REMOTE_ADDR' => '127.0.0.1'
    'SERVER_SOFTWARE' => 'nginx/1.23.1'
    'GATEWAY_INTERFACE' => 'CGI/1.1'
    'REQUEST_SCHEME' => 'http'
    'SERVER_PROTOCOL' => 'HTTP/1.1'
    'DOCUMENT_ROOT' => 'C:/My_site/taskforce.local/frontend/web/'
    'DOCUMENT_URI' => '/index.php'
    'REQUEST_URI' => '/'
    'SCRIPT_NAME' => '/index.php'
    'CONTENT_LENGTH' => ''
    'CONTENT_TYPE' => ''
    'REQUEST_METHOD' => 'GET'
    'QUERY_STRING' => ''
    'FCGI_ROLE' => 'RESPONDER'
    'PHP_SELF' => '/index.php'
    'REQUEST_TIME_FLOAT' => 1693254892.1564
    'REQUEST_TIME' => 1693254892
]
2023-08-28 20:52:21 [127.0.0.1][-][-][error][yii\base\ViewNotFoundException] yii\base\ViewNotFoundException: The view file does not exist: C:\My_site\taskforce.local\frontend\web\views\site\index.php in C:\My_site\taskforce.local\vendor\yiisoft\yii2\base\View.php:233
Stack trace:
#0 C:\My_site\taskforce.local\vendor\yiisoft\yii2\base\View.php(156): yii\base\View->renderFile('C:\\My_site\\task...', Array, Object(frontend\controllers\SiteController))
#1 C:\My_site\taskforce.local\vendor\yiisoft\yii2\base\Controller.php(407): yii\base\View->render('index', Array, Object(frontend\controllers\SiteController))
#2 C:\My_site\taskforce.local\frontend\controllers\SiteController.php(88): yii\base\Controller->render('index', Array)
#3 [internal function]: frontend\controllers\SiteController->actionIndex()
#4 C:\My_site\taskforce.local\vendor\yiisoft\yii2\base\InlineAction.php(57): call_user_func_array(Array, Array)
#5 C:\My_site\taskforce.local\vendor\yiisoft\yii2\base\Controller.php(178): yii\base\InlineAction->runWithParams(Array)
#6 C:\My_site\taskforce.local\vendor\yiisoft\yii2\base\Module.php(552): yii\base\Controller->runAction('', Array)
#7 C:\My_site\taskforce.local\vendor\yiisoft\yii2\web\Application.php(103): yii\base\Module->runAction('', Array)
#8 C:\My_site\taskforce.local\vendor\yiisoft\yii2\base\Application.php(384): yii\web\Application->handleRequest(Object(yii\web\Request))
#9 C:\My_site\taskforce.local\frontend\web\index.php(18): yii\base\Application->run()
#10 {main}
2023-08-28 20:52:21 [127.0.0.1][-][-][info][application] $_GET = []

$_POST = []

$_FILES = []

$_COOKIE = []

$_SERVER = [
    'ALLUSERSPROFILE' => 'C:\\ProgramData'
    'APPDATA' => 'C:\\Users\\Федор\\AppData\\Roaming'
    'ChocolateyInstall' => 'C:\\ProgramData\\chocolatey'
    'ChocolateyLastPathUpdate' => '133056614770896386'
    'CommonProgramFiles' => 'C:\\Program Files\\Common Files'
    'CommonProgramFiles(x86)' => 'C:\\Program Files (x86)\\Common Files'
    'CommonProgramW6432' => 'C:\\Program Files\\Common Files'
    'COMPUTERNAME' => 'LAPTOP-0LQN67QS'
    'ComSpec' => 'C:\\Windows\\system32\\cmd.exe'
    'DriverData' => 'C:\\Windows\\System32\\Drivers\\DriverData'
    'HOMEDRIVE' => 'C:'
    'HOMEPATH' => '\\Users\\Федор'
    'LOCALAPPDATA' => 'C:\\Users\\Федор\\AppData\\Local'
    'LOGONSERVER' => '\\\\LAPTOP-0LQN67QS'
    'NUMBER_OF_PROCESSORS' => '4'
    'OneDrive' => 'C:\\Users\\Федор\\OneDrive'
    'OneDriveConsumer' => 'C:\\Users\\Федор\\OneDrive'
    'OS' => 'Windows_NT'
    'Path' => 'C:\\PHP;C:\\Users\\Федор\\AppData\\Local\\Programs\\Python\\Python310\\Scripts\\;C:\\Users\\Федор\\AppData\\Local\\Programs\\Python\\Python310\\;C:\\Program Files\\Microsoft\\jdk-11.0.12.7-hotspot\\bin;C:\\Windows\\system32;C:\\Windows;C:\\Windows\\System32\\Wbem;C:\\Windows\\System32\\WindowsPowerShell\\v1.0\\;C:\\Windows\\System32\\OpenSSH\\;C:\\Program Files (x86)\\AOMEI\\AOMEI Backupper\\6.9.2;C:\\Program Files\\dotnet\\;C:\\PHP7;C:\\PHP2;C:\\PHP;C:\\ProgramData\\ComposerSetup\\bin;C:\\nginx;C:\\Program Files\\MySQL;C:\\Program Files\\nodejs\\;C:\\ProgramData\\chocolatey\\bin;C:\\Program Files\\Docker\\Docker\\resources\\bin;C:\\Program Files\\Git\\cmd;C:\\Program Files\\Git\\bin\\;C:\\Users\\Федор\\AppData\\Local\\Microsoft\\WindowsApps;C:\\Users\\Федор\\.dotnet\\tools;C:\\Users\\Федор\\AppData\\Roaming\\Composer\\vendor\\bin;C:\\Users\\Федор\\AppData\\Roaming\\npm;C:\\Program Files\\JetBrains\\PhpStorm 2019.2\\bin;'
    'PATHEXT' => '.COM;.EXE;.BAT;.CMD;.VBS;.VBE;.JS;.JSE;.WSF;.WSH;.MSC;.PY;.PYW'
    'PhpStorm' => 'C:\\Program Files\\JetBrains\\PhpStorm 2019.2\\bin;'
    'PROCESSOR_ARCHITECTURE' => 'AMD64'
    'PROCESSOR_IDENTIFIER' => 'AMD64 Family 23 Model 24 Stepping 1, AuthenticAMD'
    'PROCESSOR_LEVEL' => '23'
    'PROCESSOR_REVISION' => '1801'
    'ProgramData' => 'C:\\ProgramData'
    'ProgramFiles' => 'C:\\Program Files'
    'ProgramFiles(x86)' => 'C:\\Program Files (x86)'
    'ProgramW6432' => 'C:\\Program Files'
    'PROMPT' => '$P$G'
    'PSModulePath' => 'C:\\Program Files\\WindowsPowerShell\\Modules;C:\\Windows\\system32\\WindowsPowerShell\\v1.0\\Modules'
    'PUBLIC' => 'C:\\Users\\Public'
    'SESSIONNAME' => 'Console'
    'SystemDrive' => 'C:'
    'SystemRoot' => 'C:\\Windows'
    'TEMP' => 'C:\\Users\\EE47~1\\AppData\\Local\\Temp'
    'TMP' => 'C:\\Users\\EE47~1\\AppData\\Local\\Temp'
    'USERDOMAIN' => 'LAPTOP-0LQN67QS'
    'USERDOMAIN_ROAMINGPROFILE' => 'LAPTOP-0LQN67QS'
    'USERNAME' => 'Федор'
    'USERPROFILE' => 'C:\\Users\\Федор'
    'windir' => 'C:\\Windows'
    'HTTP_ACCEPT_LANGUAGE' => 'ru,en;q=0.9,en-GB;q=0.8,en-US;q=0.7'
    'HTTP_ACCEPT_ENCODING' => 'gzip, deflate'
    'HTTP_ACCEPT' => 'text/html,application/xhtml+xml,application/xml;q=0.9,image/webp,image/apng,*/*;q=0.8,application/signed-exchange;v=b3;q=0.7'
    'HTTP_USER_AGENT' => 'Mozilla/5.0 (Windows NT 10.0; Win64; x64) AppleWebKit/537.36 (KHTML, like Gecko) Chrome/116.0.0.0 Safari/537.36 Edg/116.0.1938.62'
    'HTTP_UPGRADE_INSECURE_REQUESTS' => '1'
    'HTTP_CACHE_CONTROL' => 'max-age=0'
    'HTTP_CONNECTION' => 'keep-alive'
    'HTTP_HOST' => 'taskforce.local'
    'SCRIPT_FILENAME' => 'C:/My_site/taskforce.local/frontend/web/index.php'
    'REDIRECT_STATUS' => '200'
    'SERVER_NAME' => 'taskforce.local'
    'SERVER_PORT' => '80'
    'SERVER_ADDR' => '127.0.0.1'
    'REMOTE_PORT' => '51779'
    'REMOTE_ADDR' => '127.0.0.1'
    'SERVER_SOFTWARE' => 'nginx/1.23.1'
    'GATEWAY_INTERFACE' => 'CGI/1.1'
    'REQUEST_SCHEME' => 'http'
    'SERVER_PROTOCOL' => 'HTTP/1.1'
    'DOCUMENT_ROOT' => 'C:/My_site/taskforce.local/frontend/web'
    'DOCUMENT_URI' => '/index.php'
    'REQUEST_URI' => '/'
    'SCRIPT_NAME' => '/index.php'
    'CONTENT_LENGTH' => ''
    'CONTENT_TYPE' => ''
    'REQUEST_METHOD' => 'GET'
    'QUERY_STRING' => ''
    'FCGI_ROLE' => 'RESPONDER'
    'PHP_SELF' => '/index.php'
    'REQUEST_TIME_FLOAT' => 1693255941.2455
    'REQUEST_TIME' => 1693255941
]
2023-08-28 20:56:59 [127.0.0.1][-][-][error][yii\base\ViewNotFoundException] yii\base\ViewNotFoundException: The view file does not exist: C:\My_site\taskforce.local\frontend\web\views\site\index.php in C:\My_site\taskforce.local\vendor\yiisoft\yii2\base\View.php:233
Stack trace:
#0 C:\My_site\taskforce.local\vendor\yiisoft\yii2\base\View.php(156): yii\base\View->renderFile('C:\\My_site\\task...', Array, Object(frontend\controllers\SiteController))
#1 C:\My_site\taskforce.local\vendor\yiisoft\yii2\base\Controller.php(407): yii\base\View->render('index', Array, Object(frontend\controllers\SiteController))
#2 C:\My_site\taskforce.local\frontend\controllers\SiteController.php(88): yii\base\Controller->render('index', Array)
#3 [internal function]: frontend\controllers\SiteController->actionIndex()
#4 C:\My_site\taskforce.local\vendor\yiisoft\yii2\base\InlineAction.php(57): call_user_func_array(Array, Array)
#5 C:\My_site\taskforce.local\vendor\yiisoft\yii2\base\Controller.php(178): yii\base\InlineAction->runWithParams(Array)
#6 C:\My_site\taskforce.local\vendor\yiisoft\yii2\base\Module.php(552): yii\base\Controller->runAction('', Array)
#7 C:\My_site\taskforce.local\vendor\yiisoft\yii2\web\Application.php(103): yii\base\Module->runAction('', Array)
#8 C:\My_site\taskforce.local\vendor\yiisoft\yii2\base\Application.php(384): yii\web\Application->handleRequest(Object(yii\web\Request))
#9 C:\My_site\taskforce.local\frontend\web\index.php(18): yii\base\Application->run()
#10 {main}
2023-08-28 20:56:59 [127.0.0.1][-][-][info][application] $_GET = []

$_POST = []

$_FILES = []

$_COOKIE = []

$_SERVER = [
    'ALLUSERSPROFILE' => 'C:\\ProgramData'
    'APPDATA' => 'C:\\Users\\Федор\\AppData\\Roaming'
    'ChocolateyInstall' => 'C:\\ProgramData\\chocolatey'
    'ChocolateyLastPathUpdate' => '133056614770896386'
    'CommonProgramFiles' => 'C:\\Program Files\\Common Files'
    'CommonProgramFiles(x86)' => 'C:\\Program Files (x86)\\Common Files'
    'CommonProgramW6432' => 'C:\\Program Files\\Common Files'
    'COMPUTERNAME' => 'LAPTOP-0LQN67QS'
    'ComSpec' => 'C:\\Windows\\system32\\cmd.exe'
    'DriverData' => 'C:\\Windows\\System32\\Drivers\\DriverData'
    'HOMEDRIVE' => 'C:'
    'HOMEPATH' => '\\Users\\Федор'
    'LOCALAPPDATA' => 'C:\\Users\\Федор\\AppData\\Local'
    'LOGONSERVER' => '\\\\LAPTOP-0LQN67QS'
    'NUMBER_OF_PROCESSORS' => '4'
    'OneDrive' => 'C:\\Users\\Федор\\OneDrive'
    'OneDriveConsumer' => 'C:\\Users\\Федор\\OneDrive'
    'OS' => 'Windows_NT'
    'Path' => 'C:\\PHP;C:\\Users\\Федор\\AppData\\Local\\Programs\\Python\\Python310\\Scripts\\;C:\\Users\\Федор\\AppData\\Local\\Programs\\Python\\Python310\\;C:\\Program Files\\Microsoft\\jdk-11.0.12.7-hotspot\\bin;C:\\Windows\\system32;C:\\Windows;C:\\Windows\\System32\\Wbem;C:\\Windows\\System32\\WindowsPowerShell\\v1.0\\;C:\\Windows\\System32\\OpenSSH\\;C:\\Program Files (x86)\\AOMEI\\AOMEI Backupper\\6.9.2;C:\\Program Files\\dotnet\\;C:\\PHP7;C:\\PHP2;C:\\PHP;C:\\ProgramData\\ComposerSetup\\bin;C:\\nginx;C:\\Program Files\\MySQL;C:\\Program Files\\nodejs\\;C:\\ProgramData\\chocolatey\\bin;C:\\Program Files\\Docker\\Docker\\resources\\bin;C:\\Program Files\\Git\\cmd;C:\\Program Files\\Git\\bin\\;C:\\Users\\Федор\\AppData\\Local\\Microsoft\\WindowsApps;C:\\Users\\Федор\\.dotnet\\tools;C:\\Users\\Федор\\AppData\\Roaming\\Composer\\vendor\\bin;C:\\Users\\Федор\\AppData\\Roaming\\npm;C:\\Program Files\\JetBrains\\PhpStorm 2019.2\\bin;'
    'PATHEXT' => '.COM;.EXE;.BAT;.CMD;.VBS;.VBE;.JS;.JSE;.WSF;.WSH;.MSC;.PY;.PYW'
    'PhpStorm' => 'C:\\Program Files\\JetBrains\\PhpStorm 2019.2\\bin;'
    'PROCESSOR_ARCHITECTURE' => 'AMD64'
    'PROCESSOR_IDENTIFIER' => 'AMD64 Family 23 Model 24 Stepping 1, AuthenticAMD'
    'PROCESSOR_LEVEL' => '23'
    'PROCESSOR_REVISION' => '1801'
    'ProgramData' => 'C:\\ProgramData'
    'ProgramFiles' => 'C:\\Program Files'
    'ProgramFiles(x86)' => 'C:\\Program Files (x86)'
    'ProgramW6432' => 'C:\\Program Files'
    'PROMPT' => '$P$G'
    'PSModulePath' => 'C:\\Program Files\\WindowsPowerShell\\Modules;C:\\Windows\\system32\\WindowsPowerShell\\v1.0\\Modules'
    'PUBLIC' => 'C:\\Users\\Public'
    'SESSIONNAME' => 'Console'
    'SystemDrive' => 'C:'
    'SystemRoot' => 'C:\\Windows'
    'TEMP' => 'C:\\Users\\EE47~1\\AppData\\Local\\Temp'
    'TMP' => 'C:\\Users\\EE47~1\\AppData\\Local\\Temp'
    'USERDOMAIN' => 'LAPTOP-0LQN67QS'
    'USERDOMAIN_ROAMINGPROFILE' => 'LAPTOP-0LQN67QS'
    'USERNAME' => 'Федор'
    'USERPROFILE' => 'C:\\Users\\Федор'
    'windir' => 'C:\\Windows'
    'HTTP_ACCEPT_LANGUAGE' => 'ru,en;q=0.9,en-GB;q=0.8,en-US;q=0.7'
    'HTTP_ACCEPT_ENCODING' => 'gzip, deflate'
    'HTTP_ACCEPT' => 'text/html,application/xhtml+xml,application/xml;q=0.9,image/webp,image/apng,*/*;q=0.8,application/signed-exchange;v=b3;q=0.7'
    'HTTP_USER_AGENT' => 'Mozilla/5.0 (Windows NT 10.0; Win64; x64) AppleWebKit/537.36 (KHTML, like Gecko) Chrome/116.0.0.0 Safari/537.36 Edg/116.0.1938.62'
    'HTTP_UPGRADE_INSECURE_REQUESTS' => '1'
    'HTTP_CACHE_CONTROL' => 'max-age=0'
    'HTTP_CONNECTION' => 'keep-alive'
    'HTTP_HOST' => 'taskforce.local'
    'SCRIPT_FILENAME' => 'C:/My_site/taskforce.local/frontend/web/index.php'
    'REDIRECT_STATUS' => '200'
    'SERVER_NAME' => 'taskforce.local'
    'SERVER_PORT' => '80'
    'SERVER_ADDR' => '127.0.0.1'
    'REMOTE_PORT' => '51851'
    'REMOTE_ADDR' => '127.0.0.1'
    'SERVER_SOFTWARE' => 'nginx/1.23.1'
    'GATEWAY_INTERFACE' => 'CGI/1.1'
    'REQUEST_SCHEME' => 'http'
    'SERVER_PROTOCOL' => 'HTTP/1.1'
    'DOCUMENT_ROOT' => 'C:/My_site/taskforce.local/frontend'
    'DOCUMENT_URI' => '/web/index.php'
    'REQUEST_URI' => '/'
    'SCRIPT_NAME' => '/web/index.php'
    'CONTENT_LENGTH' => ''
    'CONTENT_TYPE' => ''
    'REQUEST_METHOD' => 'GET'
    'QUERY_STRING' => ''
    'FCGI_ROLE' => 'RESPONDER'
    'PHP_SELF' => '/web/index.php'
    'REQUEST_TIME_FLOAT' => 1693256219.1793
    'REQUEST_TIME' => 1693256219
]
2023-08-28 20:57:33 [127.0.0.1][-][-][error][yii\base\ViewNotFoundException] yii\base\ViewNotFoundException: The view file does not exist: C:\My_site\taskforce.local\frontend\web\views\site\index.php in C:\My_site\taskforce.local\vendor\yiisoft\yii2\base\View.php:233
Stack trace:
#0 C:\My_site\taskforce.local\vendor\yiisoft\yii2\base\View.php(156): yii\base\View->renderFile('C:\\My_site\\task...', Array, Object(frontend\controllers\SiteController))
#1 C:\My_site\taskforce.local\vendor\yiisoft\yii2\base\Controller.php(407): yii\base\View->render('index', Array, Object(frontend\controllers\SiteController))
#2 C:\My_site\taskforce.local\frontend\controllers\SiteController.php(88): yii\base\Controller->render('index', Array)
#3 [internal function]: frontend\controllers\SiteController->actionIndex()
#4 C:\My_site\taskforce.local\vendor\yiisoft\yii2\base\InlineAction.php(57): call_user_func_array(Array, Array)
#5 C:\My_site\taskforce.local\vendor\yiisoft\yii2\base\Controller.php(178): yii\base\InlineAction->runWithParams(Array)
#6 C:\My_site\taskforce.local\vendor\yiisoft\yii2\base\Module.php(552): yii\base\Controller->runAction('', Array)
#7 C:\My_site\taskforce.local\vendor\yiisoft\yii2\web\Application.php(103): yii\base\Module->runAction('', Array)
#8 C:\My_site\taskforce.local\vendor\yiisoft\yii2\base\Application.php(384): yii\web\Application->handleRequest(Object(yii\web\Request))
#9 C:\My_site\taskforce.local\frontend\web\index.php(18): yii\base\Application->run()
#10 {main}
2023-08-28 20:57:33 [127.0.0.1][-][-][info][application] $_GET = []

$_POST = []

$_FILES = []

$_COOKIE = []

$_SERVER = [
    'ALLUSERSPROFILE' => 'C:\\ProgramData'
    'APPDATA' => 'C:\\Users\\Федор\\AppData\\Roaming'
    'ChocolateyInstall' => 'C:\\ProgramData\\chocolatey'
    'ChocolateyLastPathUpdate' => '133056614770896386'
    'CommonProgramFiles' => 'C:\\Program Files\\Common Files'
    'CommonProgramFiles(x86)' => 'C:\\Program Files (x86)\\Common Files'
    'CommonProgramW6432' => 'C:\\Program Files\\Common Files'
    'COMPUTERNAME' => 'LAPTOP-0LQN67QS'
    'ComSpec' => 'C:\\Windows\\system32\\cmd.exe'
    'DriverData' => 'C:\\Windows\\System32\\Drivers\\DriverData'
    'HOMEDRIVE' => 'C:'
    'HOMEPATH' => '\\Users\\Федор'
    'LOCALAPPDATA' => 'C:\\Users\\Федор\\AppData\\Local'
    'LOGONSERVER' => '\\\\LAPTOP-0LQN67QS'
    'NUMBER_OF_PROCESSORS' => '4'
    'OneDrive' => 'C:\\Users\\Федор\\OneDrive'
    'OneDriveConsumer' => 'C:\\Users\\Федор\\OneDrive'
    'OS' => 'Windows_NT'
    'Path' => 'C:\\PHP;C:\\Users\\Федор\\AppData\\Local\\Programs\\Python\\Python310\\Scripts\\;C:\\Users\\Федор\\AppData\\Local\\Programs\\Python\\Python310\\;C:\\Program Files\\Microsoft\\jdk-11.0.12.7-hotspot\\bin;C:\\Windows\\system32;C:\\Windows;C:\\Windows\\System32\\Wbem;C:\\Windows\\System32\\WindowsPowerShell\\v1.0\\;C:\\Windows\\System32\\OpenSSH\\;C:\\Program Files (x86)\\AOMEI\\AOMEI Backupper\\6.9.2;C:\\Program Files\\dotnet\\;C:\\PHP7;C:\\PHP2;C:\\PHP;C:\\ProgramData\\ComposerSetup\\bin;C:\\nginx;C:\\Program Files\\MySQL;C:\\Program Files\\nodejs\\;C:\\ProgramData\\chocolatey\\bin;C:\\Program Files\\Docker\\Docker\\resources\\bin;C:\\Program Files\\Git\\cmd;C:\\Program Files\\Git\\bin\\;C:\\Users\\Федор\\AppData\\Local\\Microsoft\\WindowsApps;C:\\Users\\Федор\\.dotnet\\tools;C:\\Users\\Федор\\AppData\\Roaming\\Composer\\vendor\\bin;C:\\Users\\Федор\\AppData\\Roaming\\npm;C:\\Program Files\\JetBrains\\PhpStorm 2019.2\\bin;'
    'PATHEXT' => '.COM;.EXE;.BAT;.CMD;.VBS;.VBE;.JS;.JSE;.WSF;.WSH;.MSC;.PY;.PYW'
    'PhpStorm' => 'C:\\Program Files\\JetBrains\\PhpStorm 2019.2\\bin;'
    'PROCESSOR_ARCHITECTURE' => 'AMD64'
    'PROCESSOR_IDENTIFIER' => 'AMD64 Family 23 Model 24 Stepping 1, AuthenticAMD'
    'PROCESSOR_LEVEL' => '23'
    'PROCESSOR_REVISION' => '1801'
    'ProgramData' => 'C:\\ProgramData'
    'ProgramFiles' => 'C:\\Program Files'
    'ProgramFiles(x86)' => 'C:\\Program Files (x86)'
    'ProgramW6432' => 'C:\\Program Files'
    'PROMPT' => '$P$G'
    'PSModulePath' => 'C:\\Program Files\\WindowsPowerShell\\Modules;C:\\Windows\\system32\\WindowsPowerShell\\v1.0\\Modules'
    'PUBLIC' => 'C:\\Users\\Public'
    'SESSIONNAME' => 'Console'
    'SystemDrive' => 'C:'
    'SystemRoot' => 'C:\\Windows'
    'TEMP' => 'C:\\Users\\EE47~1\\AppData\\Local\\Temp'
    'TMP' => 'C:\\Users\\EE47~1\\AppData\\Local\\Temp'
    'USERDOMAIN' => 'LAPTOP-0LQN67QS'
    'USERDOMAIN_ROAMINGPROFILE' => 'LAPTOP-0LQN67QS'
    'USERNAME' => 'Федор'
    'USERPROFILE' => 'C:\\Users\\Федор'
    'windir' => 'C:\\Windows'
    'HTTP_ACCEPT_LANGUAGE' => 'ru,en;q=0.9,en-GB;q=0.8,en-US;q=0.7'
    'HTTP_ACCEPT_ENCODING' => 'gzip, deflate'
    'HTTP_ACCEPT' => 'text/html,application/xhtml+xml,application/xml;q=0.9,image/webp,image/apng,*/*;q=0.8,application/signed-exchange;v=b3;q=0.7'
    'HTTP_USER_AGENT' => 'Mozilla/5.0 (Windows NT 10.0; Win64; x64) AppleWebKit/537.36 (KHTML, like Gecko) Chrome/116.0.0.0 Safari/537.36 Edg/116.0.1938.62'
    'HTTP_UPGRADE_INSECURE_REQUESTS' => '1'
    'HTTP_CACHE_CONTROL' => 'max-age=0'
    'HTTP_CONNECTION' => 'keep-alive'
    'HTTP_HOST' => 'taskforce.local'
    'SCRIPT_FILENAME' => 'C:/My_site/taskforce.local/frontend/web/index.php'
    'REDIRECT_STATUS' => '200'
    'SERVER_NAME' => 'taskforce.local'
    'SERVER_PORT' => '80'
    'SERVER_ADDR' => '127.0.0.1'
    'REMOTE_PORT' => '51863'
    'REMOTE_ADDR' => '127.0.0.1'
    'SERVER_SOFTWARE' => 'nginx/1.23.1'
    'GATEWAY_INTERFACE' => 'CGI/1.1'
    'REQUEST_SCHEME' => 'http'
    'SERVER_PROTOCOL' => 'HTTP/1.1'
    'DOCUMENT_ROOT' => 'C:/My_site/taskforce.local/frontend'
    'DOCUMENT_URI' => '/web/index.php'
    'REQUEST_URI' => '/'
    'SCRIPT_NAME' => '/web/index.php'
    'CONTENT_LENGTH' => ''
    'CONTENT_TYPE' => ''
    'REQUEST_METHOD' => 'GET'
    'QUERY_STRING' => ''
    'FCGI_ROLE' => 'RESPONDER'
    'PHP_SELF' => '/web/index.php'
    'REQUEST_TIME_FLOAT' => 1693256253.1832
    'REQUEST_TIME' => 1693256253
]
2023-08-28 20:58:59 [127.0.0.1][-][-][error][yii\base\ViewNotFoundException] yii\base\ViewNotFoundException: The view file does not exist: C:\My_site\taskforce.local\frontend\web\views\site\index.php in C:\My_site\taskforce.local\vendor\yiisoft\yii2\base\View.php:233
Stack trace:
#0 C:\My_site\taskforce.local\vendor\yiisoft\yii2\base\View.php(156): yii\base\View->renderFile('C:\\My_site\\task...', Array, Object(frontend\controllers\SiteController))
#1 C:\My_site\taskforce.local\vendor\yiisoft\yii2\base\Controller.php(407): yii\base\View->render('index', Array, Object(frontend\controllers\SiteController))
#2 C:\My_site\taskforce.local\frontend\controllers\SiteController.php(88): yii\base\Controller->render('index', Array)
#3 [internal function]: frontend\controllers\SiteController->actionIndex()
#4 C:\My_site\taskforce.local\vendor\yiisoft\yii2\base\InlineAction.php(57): call_user_func_array(Array, Array)
#5 C:\My_site\taskforce.local\vendor\yiisoft\yii2\base\Controller.php(178): yii\base\InlineAction->runWithParams(Array)
#6 C:\My_site\taskforce.local\vendor\yiisoft\yii2\base\Module.php(552): yii\base\Controller->runAction('', Array)
#7 C:\My_site\taskforce.local\vendor\yiisoft\yii2\web\Application.php(103): yii\base\Module->runAction('', Array)
#8 C:\My_site\taskforce.local\vendor\yiisoft\yii2\base\Application.php(384): yii\web\Application->handleRequest(Object(yii\web\Request))
#9 C:\My_site\taskforce.local\frontend\web\index.php(18): yii\base\Application->run()
#10 {main}
2023-08-28 20:58:58 [127.0.0.1][-][-][info][application] $_GET = []

$_POST = []

$_FILES = []

$_COOKIE = []

$_SERVER = [
    'ALLUSERSPROFILE' => 'C:\\ProgramData'
    'APPDATA' => 'C:\\Users\\Федор\\AppData\\Roaming'
    'ChocolateyInstall' => 'C:\\ProgramData\\chocolatey'
    'ChocolateyLastPathUpdate' => '133056614770896386'
    'CommonProgramFiles' => 'C:\\Program Files\\Common Files'
    'CommonProgramFiles(x86)' => 'C:\\Program Files (x86)\\Common Files'
    'CommonProgramW6432' => 'C:\\Program Files\\Common Files'
    'COMPUTERNAME' => 'LAPTOP-0LQN67QS'
    'ComSpec' => 'C:\\Windows\\system32\\cmd.exe'
    'DriverData' => 'C:\\Windows\\System32\\Drivers\\DriverData'
    'HOMEDRIVE' => 'C:'
    'HOMEPATH' => '\\Users\\Федор'
    'LOCALAPPDATA' => 'C:\\Users\\Федор\\AppData\\Local'
    'LOGONSERVER' => '\\\\LAPTOP-0LQN67QS'
    'NUMBER_OF_PROCESSORS' => '4'
    'OneDrive' => 'C:\\Users\\Федор\\OneDrive'
    'OneDriveConsumer' => 'C:\\Users\\Федор\\OneDrive'
    'OS' => 'Windows_NT'
    'Path' => 'C:\\PHP;C:\\Users\\Федор\\AppData\\Local\\Programs\\Python\\Python310\\Scripts\\;C:\\Users\\Федор\\AppData\\Local\\Programs\\Python\\Python310\\;C:\\Program Files\\Microsoft\\jdk-11.0.12.7-hotspot\\bin;C:\\Windows\\system32;C:\\Windows;C:\\Windows\\System32\\Wbem;C:\\Windows\\System32\\WindowsPowerShell\\v1.0\\;C:\\Windows\\System32\\OpenSSH\\;C:\\Program Files (x86)\\AOMEI\\AOMEI Backupper\\6.9.2;C:\\Program Files\\dotnet\\;C:\\PHP7;C:\\PHP2;C:\\PHP;C:\\ProgramData\\ComposerSetup\\bin;C:\\nginx;C:\\Program Files\\MySQL;C:\\Program Files\\nodejs\\;C:\\ProgramData\\chocolatey\\bin;C:\\Program Files\\Docker\\Docker\\resources\\bin;C:\\Program Files\\Git\\cmd;C:\\Program Files\\Git\\bin\\;C:\\Users\\Федор\\AppData\\Local\\Microsoft\\WindowsApps;C:\\Users\\Федор\\.dotnet\\tools;C:\\Users\\Федор\\AppData\\Roaming\\Composer\\vendor\\bin;C:\\Users\\Федор\\AppData\\Roaming\\npm;C:\\Program Files\\JetBrains\\PhpStorm 2019.2\\bin;'
    'PATHEXT' => '.COM;.EXE;.BAT;.CMD;.VBS;.VBE;.JS;.JSE;.WSF;.WSH;.MSC;.PY;.PYW'
    'PhpStorm' => 'C:\\Program Files\\JetBrains\\PhpStorm 2019.2\\bin;'
    'PROCESSOR_ARCHITECTURE' => 'AMD64'
    'PROCESSOR_IDENTIFIER' => 'AMD64 Family 23 Model 24 Stepping 1, AuthenticAMD'
    'PROCESSOR_LEVEL' => '23'
    'PROCESSOR_REVISION' => '1801'
    'ProgramData' => 'C:\\ProgramData'
    'ProgramFiles' => 'C:\\Program Files'
    'ProgramFiles(x86)' => 'C:\\Program Files (x86)'
    'ProgramW6432' => 'C:\\Program Files'
    'PROMPT' => '$P$G'
    'PSModulePath' => 'C:\\Program Files\\WindowsPowerShell\\Modules;C:\\Windows\\system32\\WindowsPowerShell\\v1.0\\Modules'
    'PUBLIC' => 'C:\\Users\\Public'
    'SESSIONNAME' => 'Console'
    'SystemDrive' => 'C:'
    'SystemRoot' => 'C:\\Windows'
    'TEMP' => 'C:\\Users\\EE47~1\\AppData\\Local\\Temp'
    'TMP' => 'C:\\Users\\EE47~1\\AppData\\Local\\Temp'
    'USERDOMAIN' => 'LAPTOP-0LQN67QS'
    'USERDOMAIN_ROAMINGPROFILE' => 'LAPTOP-0LQN67QS'
    'USERNAME' => 'Федор'
    'USERPROFILE' => 'C:\\Users\\Федор'
    'windir' => 'C:\\Windows'
    'HTTP_ACCEPT_LANGUAGE' => 'ru,en;q=0.9,en-GB;q=0.8,en-US;q=0.7'
    'HTTP_ACCEPT_ENCODING' => 'gzip, deflate'
    'HTTP_ACCEPT' => 'text/html,application/xhtml+xml,application/xml;q=0.9,image/webp,image/apng,*/*;q=0.8,application/signed-exchange;v=b3;q=0.7'
    'HTTP_USER_AGENT' => 'Mozilla/5.0 (Windows NT 10.0; Win64; x64) AppleWebKit/537.36 (KHTML, like Gecko) Chrome/116.0.0.0 Safari/537.36 Edg/116.0.1938.62'
    'HTTP_UPGRADE_INSECURE_REQUESTS' => '1'
    'HTTP_CACHE_CONTROL' => 'max-age=0'
    'HTTP_CONNECTION' => 'keep-alive'
    'HTTP_HOST' => 'taskforce.local'
    'SCRIPT_FILENAME' => 'C:/My_site/taskforce.local/frontend/web/index.php'
    'REDIRECT_STATUS' => '200'
    'SERVER_NAME' => 'taskforce.local'
    'SERVER_PORT' => '80'
    'SERVER_ADDR' => '127.0.0.1'
    'REMOTE_PORT' => '51920'
    'REMOTE_ADDR' => '127.0.0.1'
    'SERVER_SOFTWARE' => 'nginx/1.23.1'
    'GATEWAY_INTERFACE' => 'CGI/1.1'
    'REQUEST_SCHEME' => 'http'
    'SERVER_PROTOCOL' => 'HTTP/1.1'
    'DOCUMENT_ROOT' => 'C:/My_site/taskforce.local/frontend'
    'DOCUMENT_URI' => '/web/index.php'
    'REQUEST_URI' => '/'
    'SCRIPT_NAME' => '/web/index.php'
    'CONTENT_LENGTH' => ''
    'CONTENT_TYPE' => ''
    'REQUEST_METHOD' => 'GET'
    'QUERY_STRING' => ''
    'FCGI_ROLE' => 'RESPONDER'
    'PHP_SELF' => '/web/index.php'
    'REQUEST_TIME_FLOAT' => 1693256338.9718
    'REQUEST_TIME' => 1693256338
]
